{
  "RSpec": {
    "coverage": {
      "/home/heikki/hjhamala@gmail.com/Opiskelu/rubykurssi/ratebeer/config/environment.rb": [
        null,
        1,
        null,
        null,
        1
      ],
      "/home/heikki/hjhamala@gmail.com/Opiskelu/rubykurssi/ratebeer/config/application.rb": [
        1,
        null,
        1,
        null,
        null,
        null,
        1,
        null,
        1,
        1,
        null,
        null,
        null,
        null,
        null,
        null,
        null,
        null,
        null,
        null,
        null,
        1,
        null,
        null
      ],
      "/home/heikki/hjhamala@gmail.com/Opiskelu/rubykurssi/ratebeer/config/boot.rb": [
        null,
        1,
        null,
        1
      ],
      "/home/heikki/hjhamala@gmail.com/Opiskelu/rubykurssi/ratebeer/config/environments/test.rb": [
        1,
        null,
        null,
        null,
        null,
        null,
        null,
        1,
        1,
        null,
        null,
        null,
        null,
        1,
        null,
        null,
        1,
        1,
        null,
        null,
        1,
        1,
        null,
        null,
        1,
        null,
        null,
        1,
        null,
        null,
        null,
        null,
        1,
        null,
        null,
        1,
        null
      ],
      "/home/heikki/hjhamala@gmail.com/Opiskelu/rubykurssi/ratebeer/config/initializers/backtrace_silencers.rb": [
        null,
        null,
        null,
        null,
        null,
        null,
        null
      ],
      "/home/heikki/hjhamala@gmail.com/Opiskelu/rubykurssi/ratebeer/config/initializers/filter_parameter_logging.rb": [
        null,
        null,
        null,
        1
      ],
      "/home/heikki/hjhamala@gmail.com/Opiskelu/rubykurssi/ratebeer/config/initializers/inflections.rb": [
        null,
        null,
        null,
        null,
        null,
        null,
        null,
        null,
        null,
        null,
        null,
        null,
        null,
        null,
        null,
        null
      ],
      "/home/heikki/hjhamala@gmail.com/Opiskelu/rubykurssi/ratebeer/config/initializers/mime_types.rb": [
        null,
        null,
        null,
        null,
        null
      ],
      "/home/heikki/hjhamala@gmail.com/Opiskelu/rubykurssi/ratebeer/config/initializers/secret_token.rb": [
        null,
        null,
        null,
        null,
        null,
        null,
        null,
        null,
        null,
        null,
        null,
        1
      ],
      "/home/heikki/hjhamala@gmail.com/Opiskelu/rubykurssi/ratebeer/config/initializers/session_store.rb": [
        null,
        null,
        1
      ],
      "/home/heikki/hjhamala@gmail.com/Opiskelu/rubykurssi/ratebeer/config/initializers/wrap_parameters.rb": [
        null,
        null,
        null,
        null,
        null,
        null,
        1,
        1,
        null,
        null,
        null,
        null,
        null,
        null
      ],
      "/home/heikki/hjhamala@gmail.com/Opiskelu/rubykurssi/ratebeer/spec/factories.rb": [
        1,
        1,
        1,
        1,
        1,
        null,
        null,
        1,
        1,
        1,
        1,
        null,
        null,
        1,
        1,
        null,
        null,
        1,
        1,
        null,
        null,
        1,
        1,
        1,
        null,
        null,
        1,
        1,
        1,
        null,
        null,
        1,
        1,
        1,
        null,
        null,
        1,
        1,
        1,
        1,
        null,
        null,
        1,
        1,
        1,
        1,
        null,
        null
      ],
      "/home/heikki/hjhamala@gmail.com/Opiskelu/rubykurssi/ratebeer/app/models/user.rb": [
        1,
        1,
        1,
        null,
        null,
        1,
        null,
        null,
        1,
        1,
        null,
        1,
        1,
        null,
        1,
        null,
        null,
        null,
        null,
        1,
        3,
        2,
        null,
        null,
        null,
        1,
        8,
        17,
        17,
        null,
        null,
        1,
        46,
        37,
        37,
        null,
        null,
        1,
        2,
        null,
        null,
        1,
        null,
        1,
        37,
        null,
        null,
        1,
        52,
        40,
        null,
        null,
        1,
        17,
        null,
        null,
        1,
        32,
        20,
        null,
        null,
        null,
        null,
        null
      ],
      "/home/heikki/hjhamala@gmail.com/Opiskelu/rubykurssi/ratebeer/lib/rating_average.rb": [
        1,
        1,
        15,
        null,
        null,
        null
      ],
      "/home/heikki/hjhamala@gmail.com/Opiskelu/rubykurssi/ratebeer/app/models/rating.rb": [
        1,
        1,
        1,
        null,
        null,
        2,
        1,
        null,
        null,
        1,
        null,
        null,
        null,
        1,
        6,
        null,
        null,
        null
      ],
      "/home/heikki/hjhamala@gmail.com/Opiskelu/rubykurssi/ratebeer/app/models/brewery.rb": [
        1,
        1,
        1,
        1,
        null,
        4,
        4,
        null,
        1,
        1,
        null,
        1,
        null,
        null,
        1,
        0,
        0,
        null,
        null,
        1,
        1,
        null,
        null,
        1,
        null,
        55,
        55,
        null,
        null,
        null,
        1,
        2,
        1,
        null,
        null,
        null
      ],
      "/home/heikki/hjhamala@gmail.com/Opiskelu/rubykurssi/ratebeer/app/models/beer.rb": [
        1,
        1,
        1,
        1,
        1,
        1,
        null,
        1,
        1,
        null,
        null,
        null,
        null,
        null,
        1,
        6,
        null,
        null,
        1,
        3,
        1,
        null,
        null,
        1,
        null,
        1,
        0,
        0,
        0,
        null,
        null,
        null,
        null,
        null
      ],
      "/home/heikki/hjhamala@gmail.com/Opiskelu/rubykurssi/ratebeer/config/routes.rb": [
        1,
        null,
        1,
        1,
        null,
        null,
        1,
        null,
        1,
        null,
        1,
        null,
        1,
        1,
        null,
        null,
        null,
        1,
        null,
        1,
        null,
        1,
        null,
        1,
        null,
        1,
        null,
        1,
        null,
        1,
        null,
        1,
        null,
        1,
        null,
        1,
        null,
        1,
        null,
        1,
        null,
        1,
        null,
        null,
        null,
        null,
        null,
        null,
        null,
        null,
        null,
        null,
        null,
        null,
        null,
        null,
        null,
        null,
        null,
        null,
        null,
        null,
        null,
        null,
        null,
        null,
        null,
        null,
        null,
        null,
        null,
        null,
        null,
        null,
        null,
        null,
        null,
        null,
        null,
        null,
        null,
        null,
        null,
        null,
        null,
        null,
        null,
        null,
        null,
        null,
        null,
        null,
        null,
        null,
        null,
        null,
        null,
        null
      ],
      "/home/heikki/hjhamala@gmail.com/Opiskelu/rubykurssi/ratebeer/app/helpers/application_helper.rb": [
        1,
        1,
        0,
        0,
        0,
        null,
        0,
        null,
        null,
        null,
        1,
        4,
        null,
        null,
        null
      ],
      "/home/heikki/hjhamala@gmail.com/Opiskelu/rubykurssi/ratebeer/app/helpers/beer_clubs_helper.rb": [
        1,
        null
      ],
      "/home/heikki/hjhamala@gmail.com/Opiskelu/rubykurssi/ratebeer/app/helpers/beers_helper.rb": [
        1,
        null
      ],
      "/home/heikki/hjhamala@gmail.com/Opiskelu/rubykurssi/ratebeer/app/helpers/breweries_helper.rb": [
        1,
        null
      ],
      "/home/heikki/hjhamala@gmail.com/Opiskelu/rubykurssi/ratebeer/app/helpers/memberships_helper.rb": [
        1,
        null
      ],
      "/home/heikki/hjhamala@gmail.com/Opiskelu/rubykurssi/ratebeer/app/helpers/styles_helper.rb": [
        1,
        null
      ],
      "/home/heikki/hjhamala@gmail.com/Opiskelu/rubykurssi/ratebeer/app/helpers/users_helper.rb": [
        1,
        null
      ],
      "/home/heikki/hjhamala@gmail.com/Opiskelu/rubykurssi/ratebeer/spec/support/helpers/own_test_helper.rb": [
        1,
        null,
        1,
        13,
        13,
        13,
        13,
        null,
        null
      ],
      "/home/heikki/hjhamala@gmail.com/Opiskelu/rubykurssi/ratebeer/app/controllers/styles_controller.rb": [
        1,
        1,
        null,
        null,
        null,
        1,
        2,
        null,
        null,
        null,
        null,
        1,
        null,
        null,
        null,
        1,
        1,
        null,
        null,
        null,
        1,
        null,
        null,
        null,
        null,
        1,
        5,
        null,
        5,
        5,
        6,
        3,
        null,
        4,
        2,
        null,
        null,
        null,
        null,
        null,
        null,
        1,
        5,
        5,
        4,
        2,
        null,
        6,
        3,
        null,
        null,
        null,
        null,
        null,
        null,
        1,
        2,
        2,
        4,
        2,
        null,
        null,
        null,
        1,
        null,
        1,
        9,
        null,
        null,
        null,
        1,
        10,
        null,
        null
      ],
      "/home/heikki/hjhamala@gmail.com/Opiskelu/rubykurssi/ratebeer/app/controllers/application_controller.rb": [
        1,
        null,
        null,
        1,
        null,
        1,
        null,
        1,
        162,
        132,
        null,
        null,
        1,
        9,
        null,
        null,
        1,
        2,
        null,
        null
      ],
      "/home/heikki/hjhamala@gmail.com/Opiskelu/rubykurssi/ratebeer/spec/features/beerlist_spec.rb": [
        1,
        null,
        1,
        null,
        1,
        1,
        1,
        null,
        null,
        1,
        4,
        4,
        null,
        4,
        4,
        4,
        4,
        4,
        4,
        4,
        4,
        4,
        null,
        null,
        1,
        4,
        null,
        null,
        1,
        1,
        null,
        null,
        1,
        1,
        1,
        null,
        null,
        1,
        1,
        1,
        1,
        1,
        null,
        null,
        1,
        1,
        1,
        1,
        1,
        1,
        null,
        null,
        1,
        1,
        1,
        1,
        1,
        1,
        null,
        null
      ],
      "/home/heikki/hjhamala@gmail.com/Opiskelu/rubykurssi/ratebeer/spec/features/beers_spec.rb": [
        1,
        null,
        1,
        null,
        1,
        1,
        5,
        5,
        5,
        5,
        null,
        null,
        null,
        null,
        1,
        1,
        null,
        1,
        null,
        1,
        null,
        1,
        1,
        2,
        null,
        null,
        1,
        1,
        null,
        null,
        null,
        null,
        1,
        null,
        1,
        1,
        1,
        null,
        null,
        1,
        null,
        null,
        1,
        1,
        1,
        1,
        1,
        1,
        null,
        null,
        null,
        null,
        null,
        null,
        null,
        1,
        1,
        null,
        1,
        null,
        1,
        null,
        1,
        1,
        2,
        null,
        null,
        1,
        null,
        null,
        1,
        null,
        null,
        null,
        null,
        null,
        1,
        1,
        null,
        1,
        null,
        1,
        1,
        1,
        null,
        null,
        1,
        1,
        2,
        null,
        1,
        null,
        1,
        1,
        null,
        null,
        null,
        null,
        null,
        null
      ],
      "/home/heikki/hjhamala@gmail.com/Opiskelu/rubykurssi/ratebeer/spec/features/breweries_page_spec.rb": [
        1,
        null,
        1,
        1,
        1,
        null,
        1,
        null,
        null,
        null,
        1,
        1,
        2,
        2,
        2,
        6,
        null,
        null,
        2,
        null,
        null,
        1,
        1,
        1,
        3,
        null,
        null,
        null,
        1,
        1,
        null,
        1,
        1,
        null,
        null,
        null,
        null
      ],
      "/home/heikki/hjhamala@gmail.com/Opiskelu/rubykurssi/ratebeer/spec/features/places_spec.rb": [
        1,
        null,
        1,
        1,
        1,
        null,
        null,
        null,
        1,
        1,
        null,
        null,
        null,
        null,
        null,
        1,
        null,
        1,
        1,
        null,
        null,
        null,
        1,
        1,
        null,
        null,
        null,
        null,
        null,
        null,
        null,
        1,
        null,
        1,
        1,
        null,
        null,
        null,
        1,
        null,
        null,
        null,
        null,
        null,
        null,
        null
      ],
      "/home/heikki/hjhamala@gmail.com/Opiskelu/rubykurssi/ratebeer/spec/features/ratings_spec.rb": [
        1,
        1,
        null,
        1,
        5,
        5,
        5,
        5,
        5,
        null,
        1,
        4,
        null,
        null,
        1,
        1,
        1,
        1,
        null,
        1,
        1,
        2,
        null,
        1,
        1,
        1,
        null,
        null,
        1,
        1,
        null,
        1,
        null,
        1,
        1,
        null,
        null,
        null,
        null,
        null,
        1,
        1,
        1,
        1,
        null,
        1,
        1,
        1,
        1,
        null,
        null,
        null,
        null,
        null,
        1,
        null,
        1,
        null,
        1,
        null,
        1,
        1,
        1,
        1,
        1,
        4,
        null,
        null,
        null,
        null,
        null
      ],
      "/home/heikki/hjhamala@gmail.com/Opiskelu/rubykurssi/ratebeer/spec/features/users_spec.rb": [
        1,
        null,
        1,
        null,
        1,
        null,
        null,
        6,
        6,
        6,
        null,
        1,
        1,
        1,
        null,
        1,
        1,
        null,
        null,
        1,
        1,
        null,
        1,
        1,
        null,
        null,
        null,
        1,
        1,
        1,
        1,
        1,
        null,
        1,
        1,
        2,
        null,
        null,
        1,
        1,
        1,
        1,
        null,
        null,
        1,
        null,
        null,
        null,
        1,
        1,
        1,
        1,
        null,
        1,
        null,
        null,
        null,
        null
      ],
      "/home/heikki/hjhamala@gmail.com/Opiskelu/rubykurssi/ratebeer/spec/helpers/styles_helper_spec.rb": [
        1,
        null,
        null,
        null,
        null,
        null,
        null,
        null,
        null,
        null,
        null,
        null,
        1,
        1,
        null
      ],
      "/home/heikki/hjhamala@gmail.com/Opiskelu/rubykurssi/ratebeer/spec/lib/beermapping_api_spec.rb": [
        1,
        null,
        1,
        1,
        5,
        null,
        null,
        1,
        null,
        1,
        null,
        null,
        null,
        1,
        null,
        1,
        null,
        1,
        1,
        1,
        1,
        null,
        null,
        1,
        null,
        1,
        null,
        null,
        null,
        1,
        null,
        1,
        null,
        1,
        null,
        null,
        null,
        null,
        1,
        null,
        1,
        null,
        null,
        null,
        1,
        null,
        1,
        null,
        1,
        1,
        1,
        1,
        1,
        null,
        null,
        1,
        null,
        1,
        null,
        null,
        null,
        1,
        null,
        1,
        1,
        1,
        null,
        null,
        null,
        1,
        null,
        1,
        null,
        null,
        null,
        1,
        null,
        1,
        1,
        1,
        1,
        1,
        null,
        null,
        null,
        null,
        null,
        null
      ],
      "/home/heikki/hjhamala@gmail.com/Opiskelu/rubykurssi/ratebeer/spec/models/beer_spec.rb": [
        1,
        null,
        1,
        null,
        null,
        null,
        1,
        null,
        null,
        null,
        1,
        1,
        1,
        1,
        null,
        null,
        null,
        1,
        null,
        null,
        null,
        1,
        1,
        1,
        1,
        1,
        null,
        1,
        null,
        null,
        null,
        1,
        null,
        null,
        1,
        1,
        1,
        1,
        null,
        null,
        null,
        null,
        null,
        null,
        null,
        null
      ],
      "/home/heikki/hjhamala@gmail.com/Opiskelu/rubykurssi/ratebeer/spec/models/brewery_spec.rb": [
        1,
        null,
        1,
        1,
        1,
        null,
        1,
        1,
        1,
        null,
        null,
        1,
        1,
        null,
        1,
        null,
        null,
        1,
        4,
        null,
        2,
        2,
        2,
        null,
        null
      ],
      "/home/heikki/hjhamala@gmail.com/Opiskelu/rubykurssi/ratebeer/spec/models/style_spec.rb": [
        1,
        null,
        1,
        1,
        null
      ],
      "/home/heikki/hjhamala@gmail.com/Opiskelu/rubykurssi/ratebeer/app/models/style.rb": [
        1,
        1,
        1,
        1,
        null,
        1,
        2,
        1,
        null,
        null,
        1,
        1,
        null,
        null,
        null
      ],
      "/home/heikki/hjhamala@gmail.com/Opiskelu/rubykurssi/ratebeer/spec/models/user_spec.rb": [
        1,
        null,
        1,
        1,
        1,
        null,
        1,
        null,
        null,
        1,
        1,
        null,
        1,
        1,
        null,
        null,
        1,
        3,
        null,
        1,
        1,
        1,
        null,
        null,
        1,
        1,
        1,
        null,
        1,
        1,
        null,
        null,
        null,
        1,
        2,
        null,
        1,
        1,
        1,
        null,
        null,
        null,
        1,
        2,
        null,
        1,
        1,
        1,
        null,
        null,
        null,
        null,
        null,
        1,
        5,
        null,
        1,
        1,
        null,
        null,
        1,
        1,
        null,
        null,
        1,
        1,
        1,
        null,
        1,
        null,
        null,
        1,
        1,
        1,
        1,
        null,
        1,
        null,
        null,
        null,
        null,
        1,
        9,
        9,
        9,
        null,
        null,
        1,
        0,
        0,
        null,
        null,
        null,
        1,
        5,
        null,
        1,
        1,
        null,
        null,
        1,
        1,
        null,
        null,
        1,
        1,
        1,
        null,
        1,
        null,
        null,
        1,
        1,
        1,
        1,
        null,
        1,
        1,
        null,
        1,
        null,
        null,
        null,
        null,
        null,
        1,
        5,
        null,
        1,
        1,
        null,
        null,
        1,
        1,
        null,
        null,
        1,
        1,
        1,
        null,
        1,
        null,
        null,
        1,
        1,
        1,
        1,
        1,
        1,
        1,
        null,
        1,
        null,
        null,
        null,
        null,
        null,
        null
      ],
      "/home/heikki/hjhamala@gmail.com/Opiskelu/rubykurssi/ratebeer/spec/requests/styles_spec.rb": [
        1,
        null,
        1,
        1,
        1,
        null,
        1,
        1,
        null,
        null,
        null
      ],
      "/home/heikki/hjhamala@gmail.com/Opiskelu/rubykurssi/ratebeer/spec/routing/styles_routing_spec.rb": [
        1,
        null,
        1,
        1,
        null,
        1,
        1,
        null,
        null,
        1,
        1,
        null,
        null,
        1,
        1,
        null,
        null,
        1,
        1,
        null,
        null,
        1,
        1,
        null,
        null,
        1,
        1,
        null,
        null,
        1,
        1,
        null,
        null,
        null,
        null
      ],
      "/home/heikki/hjhamala@gmail.com/Opiskelu/rubykurssi/ratebeer/app/models/place.rb": [
        1,
        1,
        null,
        1,
        null,
        1,
        0,
        null,
        null
      ],
      "/home/heikki/hjhamala@gmail.com/Opiskelu/rubykurssi/ratebeer/lib/beermapping_api.rb": [
        1,
        1,
        5,
        10,
        null,
        null,
        1,
        null,
        1,
        5,
        null,
        5,
        null,
        5,
        null,
        5,
        null,
        5,
        null,
        4,
        4,
        10,
        null,
        null,
        null,
        1,
        5,
        null,
        null
      ],
      "/home/heikki/hjhamala@gmail.com/Opiskelu/rubykurssi/ratebeer/app/controllers/places_controller.rb": [
        1,
        1,
        null,
        null,
        1,
        0,
        0,
        0,
        null,
        null,
        null,
        0,
        null,
        0,
        0,
        null,
        0,
        null,
        null,
        null,
        1,
        0,
        0,
        null,
        null,
        null
      ],
      "/home/heikki/hjhamala@gmail.com/Opiskelu/rubykurssi/ratebeer/app/controllers/sessions_controller.rb": [
        1,
        null,
        1,
        null,
        null,
        null,
        1,
        13,
        13,
        1,
        null,
        12,
        12,
        null,
        null,
        null,
        1,
        null,
        0,
        null,
        0,
        null,
        null
      ],
      "/home/heikki/hjhamala@gmail.com/Opiskelu/rubykurssi/ratebeer/app/controllers/users_controller.rb": [
        1,
        1,
        1,
        null,
        null,
        null,
        1,
        0,
        null,
        null,
        null,
        null,
        1,
        null,
        null,
        null,
        1,
        1,
        null,
        null,
        null,
        1,
        null,
        null,
        null,
        null,
        1,
        1,
        null,
        1,
        1,
        null,
        2,
        1,
        null,
        0,
        0,
        null,
        null,
        null,
        null,
        null,
        null,
        null,
        1,
        0,
        0,
        0,
        0,
        null,
        0,
        0,
        null,
        null,
        null,
        null,
        null,
        null,
        1,
        0,
        0,
        0,
        null,
        0,
        0,
        0,
        null,
        null,
        null,
        1,
        null,
        1,
        19,
        19,
        19,
        null,
        null,
        null,
        1,
        1,
        null,
        null
      ],
      "/home/heikki/hjhamala@gmail.com/Opiskelu/rubykurssi/ratebeer/app/models/membership.rb": [
        1,
        1,
        1,
        1,
        0,
        1,
        0,
        20,
        19,
        20,
        19,
        null,
        1,
        null,
        null
      ],
      "/home/heikki/hjhamala@gmail.com/Opiskelu/rubykurssi/ratebeer/app/controllers/ratings_controller.rb": [
        1,
        1,
        1,
        1,
        1,
        1,
        1,
        1,
        null,
        1,
        null,
        null,
        1,
        1,
        1,
        null,
        null,
        1,
        1,
        null,
        1,
        1,
        1,
        null,
        0,
        0,
        null,
        null,
        null,
        1,
        1,
        1,
        1,
        null,
        null,
        null
      ],
      "/home/heikki/hjhamala@gmail.com/Opiskelu/rubykurssi/ratebeer/app/controllers/breweries_controller.rb": [
        1,
        1,
        1,
        1,
        1,
        null,
        null,
        null,
        null,
        1,
        3,
        3,
        null,
        null,
        1,
        null,
        null,
        null,
        1,
        0,
        0,
        null,
        0,
        null,
        0,
        null,
        null,
        null,
        null,
        1,
        null,
        null,
        null,
        1,
        0,
        null,
        null,
        null,
        1,
        null,
        null,
        null,
        null,
        1,
        0,
        null,
        0,
        0,
        0,
        0,
        null,
        0,
        0,
        null,
        null,
        null,
        null,
        null,
        null,
        1,
        0,
        0,
        0,
        0,
        null,
        0,
        0,
        null,
        null,
        null,
        null,
        null,
        null,
        1,
        0,
        0,
        0,
        0,
        null,
        null,
        null,
        1,
        null,
        1,
        1,
        null,
        null,
        null,
        1,
        0,
        null,
        null,
        1,
        1,
        0,
        0,
        null,
        null,
        0,
        null,
        null,
        null,
        1,
        0,
        null,
        null
      ],
      "/home/heikki/hjhamala@gmail.com/Opiskelu/rubykurssi/ratebeer/app/controllers/beers_controller.rb": [
        1,
        1,
        1,
        1,
        1,
        1,
        null,
        null,
        null,
        1,
        8,
        null,
        8,
        23,
        0,
        0,
        null,
        null,
        null,
        null,
        null,
        null,
        null,
        1,
        2,
        2,
        null,
        null,
        null,
        1,
        4,
        null,
        null,
        null,
        null,
        1,
        null,
        null,
        null,
        null,
        null,
        1,
        16,
        4,
        null,
        4,
        4,
        6,
        3,
        null,
        2,
        1,
        null,
        null,
        null,
        null,
        null,
        null,
        1,
        0,
        0,
        0,
        0,
        0,
        null,
        0,
        0,
        null,
        null,
        null,
        null,
        null,
        null,
        1,
        4,
        1,
        1,
        2,
        1,
        null,
        null,
        null,
        null,
        1,
        null,
        null,
        1,
        null,
        null,
        1,
        null,
        1,
        3,
        null,
        null,
        null,
        1,
        4,
        null,
        null,
        1,
        8,
        8,
        null,
        null,
        1,
        8,
        null,
        8,
        null,
        null,
        null
      ],
      "/home/heikki/hjhamala@gmail.com/Opiskelu/rubykurssi/ratebeer/app/models/beer_club.rb": [
        1,
        null,
        1,
        1,
        null,
        null
      ],
      "/home/heikki/hjhamala@gmail.com/Opiskelu/rubykurssi/ratebeer/app/controllers/beer_clubs_controller.rb": [
        1,
        1,
        1,
        1,
        null,
        null,
        1,
        0,
        null,
        null,
        null,
        null,
        1,
        0,
        null,
        0,
        null,
        null,
        null,
        1,
        0,
        null,
        null,
        null,
        1,
        null,
        null,
        null,
        null,
        1,
        0,
        null,
        0,
        0,
        null,
        0,
        0,
        0,
        0,
        0,
        null,
        0,
        0,
        null,
        null,
        null,
        null,
        null,
        null,
        1,
        0,
        0,
        0,
        0,
        null,
        0,
        0,
        null,
        null,
        null,
        null,
        null,
        null,
        1,
        0,
        0,
        0,
        0,
        null,
        null,
        null,
        1,
        null,
        1,
        0,
        0,
        0,
        null,
        null,
        null,
        null,
        1,
        0,
        null,
        null
      ],
      "/home/heikki/hjhamala@gmail.com/Opiskelu/rubykurssi/ratebeer/app/controllers/memberships_controller.rb": [
        1,
        1,
        1,
        null,
        null,
        null,
        1,
        0,
        null,
        null,
        null,
        null,
        1,
        null,
        null,
        null,
        1,
        0,
        0,
        null,
        null,
        null,
        1,
        null,
        null,
        1,
        null,
        null,
        0,
        0,
        0,
        0,
        0,
        0,
        null,
        null,
        0,
        null,
        null,
        null,
        null,
        null,
        null,
        1,
        0,
        null,
        0,
        0,
        0,
        null,
        null,
        0,
        0,
        null,
        0,
        0,
        0,
        null,
        null,
        null,
        null,
        null,
        null,
        1,
        0,
        0,
        0,
        0,
        null,
        0,
        0,
        null,
        null,
        null,
        null,
        null,
        null,
        1,
        0,
        0,
        0,
        0,
        null,
        null,
        null,
        1,
        null,
        1,
        0,
        null,
        null,
        null,
        1,
        0,
        null,
        null
      ]
    },
    "timestamp": 1393078132
  }
}
